<?xml version="1.0" encoding="UTF-8"?>
<testsuite name="TestSuite" time="20.33" tests="3" errors="0" skipped="0" failures="0">
  <properties>
    <property name="java.runtime.name" value="Java(TM) SE Runtime Environment"/>
    <property name="java.vm.version" value="11.0.9+7-LTS"/>
    <property name="sun.boot.library.path" value="C:\Program Files\Java\jdk-11.0.9\bin"/>
    <property name="user.country.format" value="UA"/>
    <property name="maven.multiModuleProjectDirectory" value="D:\Projects\testAE"/>
    <property name="java.vm.vendor" value="Oracle Corporation"/>
    <property name="java.vendor.url" value="https://openjdk.java.net/"/>
    <property name="guice.disable.misplaced.annotation.check" value="true"/>
    <property name="path.separator" value=";"/>
    <property name="java.vm.name" value="Java HotSpot(TM) 64-Bit Server VM"/>
    <property name="sun.os.patch.level" value=""/>
    <property name="user.script" value=""/>
    <property name="sun.java.launcher" value="SUN_STANDARD"/>
    <property name="user.country" value="RU"/>
    <property name="java.vm.specification.name" value="Java Virtual Machine Specification"/>
    <property name="user.dir" value="D:\Projects\testAE"/>
    <property name="java.vm.compressedOopsMode" value="Zero based"/>
    <property name="java.runtime.version" value="11.0.9+7-LTS"/>
    <property name="java.awt.graphicsenv" value="sun.awt.Win32GraphicsEnvironment"/>
    <property name="os.arch" value="amd64"/>
    <property name="java.io.tmpdir" value="C:\Users\gvazn\AppData\Local\Temp\"/>
    <property name="line.separator" value="&#10;"/>
    <property name="java.vm.specification.vendor" value="Oracle Corporation"/>
    <property name="user.variant" value=""/>
    <property name="os.name" value="Windows 10"/>
    <property name="classworlds.conf" value="D:\Projects\apache-maven-3.6.3\bin\..\bin\m2.conf"/>
    <property name="sun.jnu.encoding" value="Cp1251"/>
    <property name="java.library.path" value="C:\Program Files\Java\jdk-11.0.9\bin;C:\Windows\Sun\Java\bin;C:\Windows\system32;C:\Windows;C:\Program Files\Common Files\Oracle\Java\javapath;C:\Windows\system32;C:\Windows;C:\Windows\System32\Wbem;C:\Windows\System32\WindowsPowerShell\v1.0\;C:\Windows\System32\OpenSSH\;C:\Program Files (x86)\Common Files\Acronis\SnapAPI\;C:\Program Files (x86)\NVIDIA Corporation\PhysX\Common;C:\Program Files\Git\cmd;C:\Program Files\nodejs\;%JAVA_HOME%;D:\Projects\apache-maven-3.6.3\bin;D:\Projects\apache-maven-3.6.3\bin;D:\Projects\apache-maven-3.6.3;D:\Projects\apache-maven-3.6.3;C:\Users\gvazn\AppData\Local\Microsoft\WindowsApps;;D:\games\JetBrains\WebStorm 2020.1\bin;;C:\Users\gvazn\AppData\Roaming\npm;."/>
    <property name="maven.conf" value="D:\Projects\apache-maven-3.6.3\bin\../conf"/>
    <property name="jdk.debug" value="release"/>
    <property name="java.class.version" value="55.0"/>
    <property name="java.specification.name" value="Java Platform API Specification"/>
    <property name="sun.management.compiler" value="HotSpot 64-Bit Tiered Compilers"/>
    <property name="os.version" value="10.0"/>
    <property name="library.jansi.path" value="D:\Projects\apache-maven-3.6.3\bin\..\lib\jansi-native"/>
    <property name="surefire.suiteXmlFiles" value="testng.xml"/>
    <property name="user.home" value="C:\Users\gvazn"/>
    <property name="user.timezone" value="Europe/Helsinki"/>
    <property name="java.awt.printerjob" value="sun.awt.windows.WPrinterJob"/>
    <property name="file.encoding" value="Cp1251"/>
    <property name="java.specification.version" value="11"/>
    <property name="user.name" value="gvazn"/>
    <property name="java.class.path" value="D:\Projects\apache-maven-3.6.3\bin\..\boot\plexus-classworlds-2.6.0.jar"/>
    <property name="java.vm.specification.version" value="11"/>
    <property name="sun.arch.data.model" value="64"/>
    <property name="sun.java.command" value="org.codehaus.plexus.classworlds.launcher.Launcher clean test -Dsurefire.suiteXmlFiles=testng.xml"/>
    <property name="java.home" value="C:\Program Files\Java\jdk-11.0.9"/>
    <property name="user.language" value="ru"/>
    <property name="java.specification.vendor" value="Oracle Corporation"/>
    <property name="awt.toolkit" value="sun.awt.windows.WToolkit"/>
    <property name="java.vm.info" value="mixed mode"/>
    <property name="java.version" value="11.0.9"/>
    <property name="java.vendor" value="Oracle Corporation"/>
    <property name="sun.stderr.encoding" value="cp866"/>
    <property name="maven.home" value="D:\Projects\apache-maven-3.6.3\bin\.."/>
    <property name="file.separator" value="\"/>
    <property name="java.version.date" value="2020-10-20"/>
    <property name="java.vendor.url.bug" value="https://bugreport.java.com/bugreport/"/>
    <property name="sun.io.unicode.encoding" value="UnicodeLittle"/>
    <property name="sun.cpu.endian" value="little"/>
    <property name="java.vendor.version" value="18.9"/>
    <property name="sun.stdout.encoding" value="cp866"/>
    <property name="sun.desktop" value="windows"/>
    <property name="sun.cpu.isalist" value="amd64"/>
  </properties>
  <testcase name="verifyCountryWithMostTallestBuildings" classname="tests.wikiTests.WikiTableTests" time="8.968"/>
  <testcase name="verifyOldestBuilding" classname="tests.wikiTests.WikiTableTests" time="5.001"/>
  <testcase name="verifySortingByNameAndHeight" classname="tests.wikiTests.WikiTableTests" time="6.361"/>
</testsuite>