<?xml version="1.0" encoding="UTF-8"?>
<!-- Generated by org.testng.reporters.JUnitReportReporter -->
<testsuite hostname="DESKTOP-SUSOONB" failures="0" tests="3" name="tests.wikiTests.WikiTableTests" time="18.533" errors="0" timestamp="20 дек. 2020 02:24:49 GMT" skipped="0">
  <testcase classname="tests.wikiTests.WikiTableTests" name="verifyOldestBuilding" time="4.403"/>
  <testcase classname="tests.wikiTests.WikiTableTests" name="verifySortingByNameAndHeight" time="5.763"/>
  <testcase classname="tests.wikiTests.WikiTableTests" name="verifyCountryWithMostTallestBuildings" time="8.367"/>
</testsuite> <!-- tests.wikiTests.WikiTableTests -->
